Connecting to database specified by database.yml
Compiled jquery.js  (2ms)  (pid 22625)
Compiled jquery_ujs.js  (0ms)  (pid 22625)
Compiled comfortable_mexican_sofa/admin/application.js  (0ms)  (pid 22625)
Compiled application.js  (86ms)  (pid 22625)
Compiled comfortable_mexican_sofa/admin/application.css  (0ms)  (pid 22625)
Compiled application.css  (18ms)  (pid 22625)
Compiled jquery.ui.core.js  (0ms)  (pid 22625)
Compiled jquery.ui.widget.js  (0ms)  (pid 22625)
Compiled jquery.ui.accordion.js  (39ms)  (pid 22625)
Compiled jquery.ui.position.js  (0ms)  (pid 22625)
Compiled jquery.ui.menu.js  (21ms)  (pid 22625)
Compiled jquery.ui.autocomplete.js  (100ms)  (pid 22625)
Compiled jquery.ui.button.js  (2ms)  (pid 22625)
Compiled jquery.ui.datepicker.js  (1ms)  (pid 22625)
Compiled jquery.ui.mouse.js  (1ms)  (pid 22625)
Compiled jquery.ui.draggable.js  (20ms)  (pid 22625)
Compiled jquery.ui.resizable.js  (3ms)  (pid 22625)
Compiled jquery.ui.dialog.js  (63ms)  (pid 22625)
Compiled jquery.ui.droppable.js  (4ms)  (pid 22625)
Compiled jquery.ui.effect.js  (0ms)  (pid 22625)
Compiled jquery.ui.effect-blind.js  (47ms)  (pid 22625)
Compiled jquery.ui.effect-bounce.js  (1ms)  (pid 22625)
Compiled jquery.ui.effect-clip.js  (1ms)  (pid 22625)
Compiled jquery.ui.effect-drop.js  (1ms)  (pid 22625)
Compiled jquery.ui.effect-explode.js  (1ms)  (pid 22625)
Compiled jquery.ui.effect-fade.js  (1ms)  (pid 22625)
Compiled jquery.ui.effect-fold.js  (1ms)  (pid 22625)
Compiled jquery.ui.effect-highlight.js  (1ms)  (pid 22625)
Compiled jquery.ui.effect-pulsate.js  (1ms)  (pid 22625)
Compiled jquery.ui.effect-scale.js  (1ms)  (pid 22625)
Compiled jquery.ui.effect-shake.js  (1ms)  (pid 22625)
Compiled jquery.ui.effect-slide.js  (1ms)  (pid 22625)
Compiled jquery.ui.effect-transfer.js  (1ms)  (pid 22625)
Compiled jquery.ui.progressbar.js  (2ms)  (pid 22625)
Compiled jquery.ui.selectable.js  (3ms)  (pid 22625)
Compiled jquery.ui.slider.js  (3ms)  (pid 22625)
Compiled jquery.ui.sortable.js  (3ms)  (pid 22625)
Compiled jquery.ui.spinner.js  (3ms)  (pid 22625)
Compiled jquery.ui.tabs.js  (2ms)  (pid 22625)
Compiled jquery.ui.tooltip.js  (2ms)  (pid 22625)
Compiled jquery.ui.all.js  (772ms)  (pid 22625)
Compiled comfortable_mexican_sofa/lib/bootstrap.js  (0ms)  (pid 22625)
Compiled comfortable_mexican_sofa/lib/codemirror.js  (1ms)  (pid 22625)
Compiled comfortable_mexican_sofa/lib/wysihtml5.js  (1ms)  (pid 22625)
Compiled comfortable_mexican_sofa/lib/bootstrap-wysihtml5.js  (0ms)  (pid 22625)
Compiled comfortable_mexican_sofa/lib/bootstrap-datetimepicker.js  (0ms)  (pid 22625)
Compiled comfortable_mexican_sofa/application.js  (1136ms)  (pid 22625)
Compiled jquery.ui.core.css  (1ms)  (pid 22625)
Compiled jquery.ui.theme.css  (306ms)  (pid 22625)
Compiled jquery.ui.accordion.css  (335ms)  (pid 22625)
Compiled jquery.ui.menu.css  (4ms)  (pid 22625)
Compiled jquery.ui.autocomplete.css  (32ms)  (pid 22625)
Compiled jquery.ui.button.css  (6ms)  (pid 22625)
Compiled jquery.ui.datepicker.css  (6ms)  (pid 22625)
Compiled jquery.ui.resizable.css  (4ms)  (pid 22625)
Compiled jquery.ui.dialog.css  (55ms)  (pid 22625)
Compiled jquery.ui.progressbar.css  (21ms)  (pid 22625)
Compiled jquery.ui.selectable.css  (5ms)  (pid 22625)
Compiled jquery.ui.slider.css  (6ms)  (pid 22625)
Compiled jquery.ui.spinner.css  (7ms)  (pid 22625)
Compiled jquery.ui.tabs.css  (5ms)  (pid 22625)
Compiled jquery.ui.tooltip.css  (4ms)  (pid 22625)
Compiled jquery.ui.base.css  (777ms)  (pid 22625)
Compiled jquery.ui.all.css  (801ms)  (pid 22625)
Compiled comfortable_mexican_sofa/lib/bootstrap.css  (1ms)  (pid 22625)
Compiled comfortable_mexican_sofa/lib/codemirror.css  (0ms)  (pid 22625)
Compiled comfortable_mexican_sofa/lib/bootstrap-wysihtml5.css  (0ms)  (pid 22625)
Compiled comfortable_mexican_sofa/lib/bootstrap-datetimepicker.css  (0ms)  (pid 22625)
Compiled comfortable_mexican_sofa/bootstrap_overrides.css  (44ms)  (pid 22625)
Compiled comfortable_mexican_sofa/codemirror_overrides.css  (27ms)  (pid 22625)
Compiled comfortable_mexican_sofa/wysihtml5_overrides.css  (10ms)  (pid 22625)
Compiled comfortable_mexican_sofa/base.css  (87ms)  (pid 22625)
Compiled comfortable_mexican_sofa/application.css  (1239ms)  (pid 22625)
Connecting to database specified by database.yml
Compiled jquery.js  (2ms)  (pid 22625)
Compiled jquery_ujs.js  (0ms)  (pid 22625)
Compiled comfortable_mexican_sofa/admin/application.js  (0ms)  (pid 22625)
Compiled application.js  (98ms)  (pid 22625)
Compiled comfortable_mexican_sofa/admin/application.css  (0ms)  (pid 22625)
Compiled application.css  (25ms)  (pid 22625)
Compiled jquery.ui.core.js  (0ms)  (pid 22625)
Compiled jquery.ui.widget.js  (0ms)  (pid 22625)
Compiled jquery.ui.accordion.js  (40ms)  (pid 22625)
Compiled jquery.ui.position.js  (0ms)  (pid 22625)
Compiled jquery.ui.menu.js  (19ms)  (pid 22625)
Compiled jquery.ui.autocomplete.js  (40ms)  (pid 22625)
Compiled jquery.ui.button.js  (2ms)  (pid 22625)
Compiled jquery.ui.datepicker.js  (3ms)  (pid 22625)
Compiled jquery.ui.mouse.js  (2ms)  (pid 22625)
Compiled jquery.ui.draggable.js  (21ms)  (pid 22625)
Compiled jquery.ui.resizable.js  (3ms)  (pid 22625)
Compiled jquery.ui.dialog.js  (64ms)  (pid 22625)
Compiled jquery.ui.droppable.js  (4ms)  (pid 22625)
Compiled jquery.ui.effect.js  (0ms)  (pid 22625)
Compiled jquery.ui.effect-blind.js  (19ms)  (pid 22625)
Compiled jquery.ui.effect-bounce.js  (1ms)  (pid 22625)
Compiled jquery.ui.effect-clip.js  (1ms)  (pid 22625)
Compiled jquery.ui.effect-drop.js  (1ms)  (pid 22625)
Compiled jquery.ui.effect-explode.js  (1ms)  (pid 22625)
Compiled jquery.ui.effect-fade.js  (1ms)  (pid 22625)
Compiled jquery.ui.effect-fold.js  (1ms)  (pid 22625)
Compiled jquery.ui.effect-highlight.js  (1ms)  (pid 22625)
Compiled jquery.ui.effect-pulsate.js  (1ms)  (pid 22625)
Compiled jquery.ui.effect-scale.js  (1ms)  (pid 22625)
Compiled jquery.ui.effect-shake.js  (1ms)  (pid 22625)
Compiled jquery.ui.effect-slide.js  (1ms)  (pid 22625)
Compiled jquery.ui.effect-transfer.js  (1ms)  (pid 22625)
Compiled jquery.ui.progressbar.js  (2ms)  (pid 22625)
Compiled jquery.ui.selectable.js  (3ms)  (pid 22625)
Compiled jquery.ui.slider.js  (3ms)  (pid 22625)
Compiled jquery.ui.sortable.js  (7ms)  (pid 22625)
Compiled jquery.ui.spinner.js  (6ms)  (pid 22625)
Compiled jquery.ui.tabs.js  (3ms)  (pid 22625)
Compiled jquery.ui.tooltip.js  (3ms)  (pid 22625)
Compiled jquery.ui.all.js  (850ms)  (pid 22625)
Compiled comfortable_mexican_sofa/lib/bootstrap.js  (0ms)  (pid 22625)
Compiled comfortable_mexican_sofa/lib/codemirror.js  (1ms)  (pid 22625)
Compiled comfortable_mexican_sofa/lib/wysihtml5.js  (30ms)  (pid 22625)
Compiled comfortable_mexican_sofa/lib/bootstrap-wysihtml5.js  (0ms)  (pid 22625)
Compiled comfortable_mexican_sofa/lib/bootstrap-datetimepicker.js  (1ms)  (pid 22625)
Compiled comfortable_mexican_sofa/application.js  (1221ms)  (pid 22625)
Compiled jquery.ui.core.css  (1ms)  (pid 22625)
Compiled jquery.ui.theme.css  (10ms)  (pid 22625)
Compiled jquery.ui.accordion.css  (34ms)  (pid 22625)
Compiled jquery.ui.menu.css  (36ms)  (pid 22625)
Compiled jquery.ui.autocomplete.css  (67ms)  (pid 22625)
Compiled jquery.ui.button.css  (8ms)  (pid 22625)
Compiled jquery.ui.datepicker.css  (8ms)  (pid 22625)
Compiled jquery.ui.resizable.css  (4ms)  (pid 22625)
Compiled jquery.ui.dialog.css  (31ms)  (pid 22625)
Compiled jquery.ui.progressbar.css  (5ms)  (pid 22625)
Compiled jquery.ui.selectable.css  (5ms)  (pid 22625)
Compiled jquery.ui.slider.css  (8ms)  (pid 22625)
Compiled jquery.ui.spinner.css  (6ms)  (pid 22625)
Compiled jquery.ui.tabs.css  (5ms)  (pid 22625)
Compiled jquery.ui.tooltip.css  (4ms)  (pid 22625)
Compiled jquery.ui.base.css  (452ms)  (pid 22625)
Compiled jquery.ui.all.css  (474ms)  (pid 22625)
Compiled comfortable_mexican_sofa/lib/bootstrap.css  (0ms)  (pid 22625)
Compiled comfortable_mexican_sofa/lib/codemirror.css  (0ms)  (pid 22625)
Compiled comfortable_mexican_sofa/lib/bootstrap-wysihtml5.css  (0ms)  (pid 22625)
Compiled comfortable_mexican_sofa/lib/bootstrap-datetimepicker.css  (0ms)  (pid 22625)
Compiled comfortable_mexican_sofa/bootstrap_overrides.css  (24ms)  (pid 22625)
Compiled comfortable_mexican_sofa/codemirror_overrides.css  (28ms)  (pid 22625)
Compiled comfortable_mexican_sofa/wysihtml5_overrides.css  (8ms)  (pid 22625)
Compiled comfortable_mexican_sofa/base.css  (106ms)  (pid 22625)
Compiled comfortable_mexican_sofa/application.css  (823ms)  (pid 22625)
Connecting to database specified by database.yml
Connecting to database specified by database.yml
Compiled jquery.js  (2ms)  (pid 49989)
Compiled jquery_ujs.js  (0ms)  (pid 49989)
Compiled comfortable_mexican_sofa/admin/application.js  (0ms)  (pid 49989)
Compiled application.js  (64ms)  (pid 49989)
Compiled comfortable_mexican_sofa/admin/application.css  (0ms)  (pid 49989)
Compiled application.css  (19ms)  (pid 49989)
Compiled jquery.ui.core.js  (0ms)  (pid 49989)
Compiled jquery.ui.widget.js  (0ms)  (pid 49989)
Compiled jquery.ui.accordion.js  (54ms)  (pid 49989)
Compiled jquery.ui.position.js  (0ms)  (pid 49989)
Compiled jquery.ui.menu.js  (21ms)  (pid 49989)
Compiled jquery.ui.autocomplete.js  (46ms)  (pid 49989)
Compiled jquery.ui.button.js  (2ms)  (pid 49989)
Compiled jquery.ui.datepicker.js  (2ms)  (pid 49989)
Compiled jquery.ui.mouse.js  (2ms)  (pid 49989)
Compiled jquery.ui.draggable.js  (22ms)  (pid 49989)
Compiled jquery.ui.resizable.js  (3ms)  (pid 49989)
Compiled jquery.ui.dialog.js  (91ms)  (pid 49989)
Compiled jquery.ui.droppable.js  (4ms)  (pid 49989)
Compiled jquery.ui.effect.js  (0ms)  (pid 49989)
Compiled jquery.ui.effect-blind.js  (21ms)  (pid 49989)
Compiled jquery.ui.effect-bounce.js  (1ms)  (pid 49989)
Compiled jquery.ui.effect-clip.js  (1ms)  (pid 49989)
Compiled jquery.ui.effect-drop.js  (2ms)  (pid 49989)
Compiled jquery.ui.effect-explode.js  (2ms)  (pid 49989)
Compiled jquery.ui.effect-fade.js  (2ms)  (pid 49989)
Compiled jquery.ui.effect-fold.js  (3ms)  (pid 49989)
Compiled jquery.ui.effect-highlight.js  (2ms)  (pid 49989)
Compiled jquery.ui.effect-pulsate.js  (1ms)  (pid 49989)
Compiled jquery.ui.effect-scale.js  (1ms)  (pid 49989)
Compiled jquery.ui.effect-shake.js  (1ms)  (pid 49989)
Compiled jquery.ui.effect-slide.js  (1ms)  (pid 49989)
Compiled jquery.ui.effect-transfer.js  (1ms)  (pid 49989)
Compiled jquery.ui.progressbar.js  (3ms)  (pid 49989)
Compiled jquery.ui.selectable.js  (3ms)  (pid 49989)
Compiled jquery.ui.slider.js  (3ms)  (pid 49989)
Compiled jquery.ui.sortable.js  (3ms)  (pid 49989)
Compiled jquery.ui.spinner.js  (3ms)  (pid 49989)
Compiled jquery.ui.tabs.js  (2ms)  (pid 49989)
Compiled jquery.ui.tooltip.js  (3ms)  (pid 49989)
Compiled jquery.ui.all.js  (990ms)  (pid 49989)
Compiled comfortable_mexican_sofa/lib/bootstrap.js  (0ms)  (pid 49989)
Compiled comfortable_mexican_sofa/lib/codemirror.js  (1ms)  (pid 49989)
Compiled comfortable_mexican_sofa/lib/wysihtml5.js  (1ms)  (pid 49989)
Compiled comfortable_mexican_sofa/lib/bootstrap-wysihtml5.js  (0ms)  (pid 49989)
Compiled comfortable_mexican_sofa/lib/bootstrap-datetimepicker.js  (0ms)  (pid 49989)
Compiled comfortable_mexican_sofa/application.js  (1345ms)  (pid 49989)
Compiled jquery.ui.core.css  (1ms)  (pid 49989)
Compiled jquery.ui.theme.css  (306ms)  (pid 49989)
Compiled jquery.ui.accordion.css  (335ms)  (pid 49989)
Compiled jquery.ui.menu.css  (4ms)  (pid 49989)
Compiled jquery.ui.autocomplete.css  (29ms)  (pid 49989)
Compiled jquery.ui.button.css  (7ms)  (pid 49989)
Compiled jquery.ui.datepicker.css  (7ms)  (pid 49989)
Compiled jquery.ui.resizable.css  (5ms)  (pid 49989)
Compiled jquery.ui.dialog.css  (53ms)  (pid 49989)
Compiled jquery.ui.progressbar.css  (22ms)  (pid 49989)
Compiled jquery.ui.selectable.css  (5ms)  (pid 49989)
Compiled jquery.ui.slider.css  (6ms)  (pid 49989)
Compiled jquery.ui.spinner.css  (7ms)  (pid 49989)
Compiled jquery.ui.tabs.css  (6ms)  (pid 49989)
Compiled jquery.ui.tooltip.css  (4ms)  (pid 49989)
Compiled jquery.ui.base.css  (716ms)  (pid 49989)
Compiled jquery.ui.all.css  (756ms)  (pid 49989)
Compiled comfortable_mexican_sofa/lib/bootstrap.css  (0ms)  (pid 49989)
Compiled comfortable_mexican_sofa/lib/codemirror.css  (0ms)  (pid 49989)
Compiled comfortable_mexican_sofa/lib/bootstrap-wysihtml5.css  (0ms)  (pid 49989)
Compiled comfortable_mexican_sofa/lib/bootstrap-datetimepicker.css  (0ms)  (pid 49989)
Compiled comfortable_mexican_sofa/bootstrap_overrides.css  (47ms)  (pid 49989)
Compiled comfortable_mexican_sofa/codemirror_overrides.css  (26ms)  (pid 49989)
Compiled comfortable_mexican_sofa/wysihtml5_overrides.css  (12ms)  (pid 49989)
Compiled comfortable_mexican_sofa/base.css  (90ms)  (pid 49989)
Compiled comfortable_mexican_sofa/application.css  (1206ms)  (pid 49989)
Connecting to database specified by database.yml
Compiled jquery.js  (2ms)  (pid 49989)
Compiled jquery_ujs.js  (0ms)  (pid 49989)
Compiled comfortable_mexican_sofa/admin/application.js  (0ms)  (pid 49989)
Compiled application.js  (60ms)  (pid 49989)
Compiled comfortable_mexican_sofa/admin/application.css  (0ms)  (pid 49989)
Compiled application.css  (19ms)  (pid 49989)
Compiled jquery.ui.core.js  (0ms)  (pid 49989)
Compiled jquery.ui.widget.js  (0ms)  (pid 49989)
Compiled jquery.ui.accordion.js  (44ms)  (pid 49989)
Compiled jquery.ui.position.js  (0ms)  (pid 49989)
Compiled jquery.ui.menu.js  (20ms)  (pid 49989)
Compiled jquery.ui.autocomplete.js  (43ms)  (pid 49989)
Compiled jquery.ui.button.js  (3ms)  (pid 49989)
Compiled jquery.ui.datepicker.js  (1ms)  (pid 49989)
Compiled jquery.ui.mouse.js  (34ms)  (pid 49989)
Compiled jquery.ui.draggable.js  (55ms)  (pid 49989)
Compiled jquery.ui.resizable.js  (3ms)  (pid 49989)
Compiled jquery.ui.dialog.js  (117ms)  (pid 49989)
Compiled jquery.ui.droppable.js  (4ms)  (pid 49989)
Compiled jquery.ui.effect.js  (0ms)  (pid 49989)
Compiled jquery.ui.effect-blind.js  (19ms)  (pid 49989)
Compiled jquery.ui.effect-bounce.js  (1ms)  (pid 49989)
Compiled jquery.ui.effect-clip.js  (1ms)  (pid 49989)
Compiled jquery.ui.effect-drop.js  (1ms)  (pid 49989)
Compiled jquery.ui.effect-explode.js  (1ms)  (pid 49989)
Compiled jquery.ui.effect-fade.js  (1ms)  (pid 49989)
Compiled jquery.ui.effect-fold.js  (1ms)  (pid 49989)
Compiled jquery.ui.effect-highlight.js  (1ms)  (pid 49989)
Compiled jquery.ui.effect-pulsate.js  (1ms)  (pid 49989)
Compiled jquery.ui.effect-scale.js  (1ms)  (pid 49989)
Compiled jquery.ui.effect-shake.js  (1ms)  (pid 49989)
Compiled jquery.ui.effect-slide.js  (1ms)  (pid 49989)
Compiled jquery.ui.effect-transfer.js  (1ms)  (pid 49989)
Compiled jquery.ui.progressbar.js  (2ms)  (pid 49989)
Compiled jquery.ui.selectable.js  (3ms)  (pid 49989)
Compiled jquery.ui.slider.js  (4ms)  (pid 49989)
Compiled jquery.ui.sortable.js  (3ms)  (pid 49989)
Compiled jquery.ui.spinner.js  (3ms)  (pid 49989)
Compiled jquery.ui.tabs.js  (2ms)  (pid 49989)
Compiled jquery.ui.tooltip.js  (3ms)  (pid 49989)
Compiled jquery.ui.all.js  (846ms)  (pid 49989)
Compiled comfortable_mexican_sofa/lib/bootstrap.js  (0ms)  (pid 49989)
Compiled comfortable_mexican_sofa/lib/codemirror.js  (1ms)  (pid 49989)
Compiled comfortable_mexican_sofa/lib/wysihtml5.js  (1ms)  (pid 49989)
Compiled comfortable_mexican_sofa/lib/bootstrap-wysihtml5.js  (0ms)  (pid 49989)
Compiled comfortable_mexican_sofa/lib/bootstrap-datetimepicker.js  (0ms)  (pid 49989)
Compiled comfortable_mexican_sofa/application.js  (1244ms)  (pid 49989)
Compiled jquery.ui.core.css  (1ms)  (pid 49989)
Compiled jquery.ui.theme.css  (16ms)  (pid 49989)
Compiled jquery.ui.accordion.css  (43ms)  (pid 49989)
Compiled jquery.ui.menu.css  (33ms)  (pid 49989)
Compiled jquery.ui.autocomplete.css  (60ms)  (pid 49989)
Compiled jquery.ui.button.css  (7ms)  (pid 49989)
Compiled jquery.ui.datepicker.css  (9ms)  (pid 49989)
Compiled jquery.ui.resizable.css  (4ms)  (pid 49989)
Compiled jquery.ui.dialog.css  (42ms)  (pid 49989)
Compiled jquery.ui.progressbar.css  (7ms)  (pid 49989)
Compiled jquery.ui.selectable.css  (7ms)  (pid 49989)
Compiled jquery.ui.slider.css  (8ms)  (pid 49989)
Compiled jquery.ui.spinner.css  (9ms)  (pid 49989)
Compiled jquery.ui.tabs.css  (32ms)  (pid 49989)
Compiled jquery.ui.tooltip.css  (7ms)  (pid 49989)
Compiled jquery.ui.base.css  (500ms)  (pid 49989)
Compiled jquery.ui.all.css  (521ms)  (pid 49989)
Compiled comfortable_mexican_sofa/lib/bootstrap.css  (0ms)  (pid 49989)
Compiled comfortable_mexican_sofa/lib/codemirror.css  (0ms)  (pid 49989)
Compiled comfortable_mexican_sofa/lib/bootstrap-wysihtml5.css  (0ms)  (pid 49989)
Compiled comfortable_mexican_sofa/lib/bootstrap-datetimepicker.css  (0ms)  (pid 49989)
Compiled comfortable_mexican_sofa/bootstrap_overrides.css  (24ms)  (pid 49989)
Compiled comfortable_mexican_sofa/codemirror_overrides.css  (23ms)  (pid 49989)
Compiled comfortable_mexican_sofa/wysihtml5_overrides.css  (7ms)  (pid 49989)
Compiled comfortable_mexican_sofa/base.css  (117ms)  (pid 49989)
Compiled comfortable_mexican_sofa/application.css  (868ms)  (pid 49989)
