Dec 11, 2013 8:08:34 PM org.apache.catalina.core.AprLifecycleListener init
INFO: The APR based Apache Tomcat Native library which allows optimal performance in production environments was not found on the java.library.path: /usr/lib/j2re1.7-ibm/jre/lib/i386/default:/usr/lib/j2re1.7-ibm/jre/lib/i386:/usr/lib
Dec 11, 2013 8:08:34 PM org.apache.coyote.AbstractProtocol init
INFO: Initializing ProtocolHandler ["http-bio-8082"]
Dec 11, 2013 8:08:34 PM org.apache.catalina.startup.Catalina load
INFO: Initialization processed in 1056 ms
Dec 11, 2013 8:08:34 PM org.apache.catalina.core.StandardService startInternal
INFO: Starting service Catalina
Dec 11, 2013 8:08:34 PM org.apache.catalina.core.StandardEngine startInternal
INFO: Starting Servlet Engine: Apache Tomcat/7.0.47
Dec 11, 2013 8:08:34 PM org.apache.catalina.startup.HostConfig deployDirectory
INFO: Deploying web application directory /home/vince/Desktop/cloudfoundry/apache-tomcat-7.0.47/webapps/host-manager
Dec 11, 2013 8:08:35 PM org.apache.catalina.startup.HostConfig deployDirectory
INFO: Deploying web application directory /home/vince/Desktop/cloudfoundry/apache-tomcat-7.0.47/webapps/manager
Dec 11, 2013 8:08:35 PM org.apache.catalina.startup.HostConfig deployDirectory
INFO: Deploying web application directory /home/vince/Desktop/cloudfoundry/apache-tomcat-7.0.47/webapps/ROOT
Dec 11, 2013 8:08:35 PM org.apache.catalina.startup.HostConfig deployDirectory
INFO: Deploying web application directory /home/vince/Desktop/cloudfoundry/apache-tomcat-7.0.47/webapps/examples
Dec 11, 2013 8:08:36 PM org.apache.catalina.startup.HostConfig deployDirectory
INFO: Deploying web application directory /home/vince/Desktop/cloudfoundry/apache-tomcat-7.0.47/webapps/docs
Dec 11, 2013 8:08:36 PM org.apache.coyote.AbstractProtocol start
INFO: Starting ProtocolHandler ["http-bio-8082"]
Dec 11, 2013 8:08:36 PM org.apache.catalina.startup.Catalina start
INFO: Server startup in 1486 ms
Dec 11, 2013 8:09:58 PM org.apache.coyote.AbstractProtocol pause
INFO: Pausing ProtocolHandler ["http-bio-8082"]
Dec 11, 2013 8:09:58 PM org.apache.catalina.core.StandardService stopInternal
INFO: Stopping service Catalina
Dec 11, 2013 8:09:58 PM org.apache.coyote.AbstractProtocol stop
INFO: Stopping ProtocolHandler ["http-bio-8082"]
Dec 11, 2013 8:10:03 PM org.apache.tomcat.util.net.AbstractEndpoint shutdownExecutor
WARNING: The executor associated with thread pool [http-bio-8082] has not fully shutdown. Some application threads may still be running.
Dec 11, 2013 8:10:03 PM org.apache.coyote.AbstractProtocol destroy
INFO: Destroying ProtocolHandler ["http-bio-8082"]
Dec 11, 2013 8:13:26 PM org.apache.catalina.core.AprLifecycleListener init
INFO: The APR based Apache Tomcat Native library which allows optimal performance in production environments was not found on the java.library.path: /usr/lib/j2re1.7-ibm/jre/lib/i386/default:/usr/lib/j2re1.7-ibm/jre/lib/i386:/usr/lib
Dec 11, 2013 8:13:26 PM org.apache.coyote.AbstractProtocol init
INFO: Initializing ProtocolHandler ["http-bio-8082"]
Dec 11, 2013 8:13:26 PM org.apache.catalina.startup.Catalina load
INFO: Initialization processed in 1051 ms
Dec 11, 2013 8:13:26 PM org.apache.catalina.core.StandardService startInternal
INFO: Starting service Catalina
Dec 11, 2013 8:13:26 PM org.apache.catalina.core.StandardEngine startInternal
INFO: Starting Servlet Engine: Apache Tomcat/7.0.47
Dec 11, 2013 8:13:26 PM org.apache.catalina.startup.HostConfig deployDirectory
INFO: Deploying web application directory /home/vince/Desktop/cloudfoundry/apache-tomcat-7.0.47/webapps/host-manager
Dec 11, 2013 8:13:27 PM org.apache.catalina.startup.HostConfig deployDirectory
INFO: Deploying web application directory /home/vince/Desktop/cloudfoundry/apache-tomcat-7.0.47/webapps/manager
Dec 11, 2013 8:13:27 PM org.apache.catalina.startup.HostConfig deployDirectory
INFO: Deploying web application directory /home/vince/Desktop/cloudfoundry/apache-tomcat-7.0.47/webapps/ROOT
Dec 11, 2013 8:13:27 PM org.apache.catalina.startup.HostConfig deployDirectory
INFO: Deploying web application directory /home/vince/Desktop/cloudfoundry/apache-tomcat-7.0.47/webapps/examples
Dec 11, 2013 8:13:28 PM org.apache.catalina.startup.HostConfig deployDirectory
INFO: Deploying web application directory /home/vince/Desktop/cloudfoundry/apache-tomcat-7.0.47/webapps/docs
Dec 11, 2013 8:13:28 PM org.apache.coyote.AbstractProtocol start
INFO: Starting ProtocolHandler ["http-bio-8082"]
Dec 11, 2013 8:13:28 PM org.apache.catalina.startup.Catalina start
INFO: Server startup in 1459 ms
Dec 11, 2013 8:14:01 PM org.apache.coyote.AbstractProtocol pause
INFO: Pausing ProtocolHandler ["http-bio-8082"]
Dec 11, 2013 8:14:01 PM org.apache.catalina.core.StandardService stopInternal
INFO: Stopping service Catalina
Dec 11, 2013 8:14:01 PM org.apache.coyote.AbstractProtocol stop
INFO: Stopping ProtocolHandler ["http-bio-8082"]
Dec 11, 2013 8:14:02 PM org.apache.coyote.AbstractProtocol destroy
INFO: Destroying ProtocolHandler ["http-bio-8082"]
